26c26
< -- Found HDF5: /share/splinter/cosmos/modules/may_2018/install_dir/hdf5-1.10.2/lib/libhdf5.so;/usr/lib64/librt.so;/usr/lib64/libsz.so;/usr/lib64/libz.so;/usr/lib64/libdl.so;/usr/lib64/libm.so (found version "1.10.2") found components:  C HL 
---
> -- Found HDF5: /share/splinter/cosmos/modules/may_2018/install_dir/hdf5-1.10.2/lib/libhdf5.so;/usr/lib64/librt.so;/share/splinter/cosmos/modules/may_2018/install_dir/szlib-2.1.1/lib/libsz.so;/usr/lib64/libz.so;/usr/lib64/libdl.so;/usr/lib64/libm.so (found version "1.10.2") found components:  C HL 
198,201d197
< Scanning dependencies of target blitz
< [ 11%] Building CXX object blitz/CMakeFiles/blitz.dir/globals.cpp.o
< [ 13%] Linking CXX static library libblitz.a
< [ 13%] Built target blitz
203,206c199,206
< [ 15%] Building C object mdl2/openpa/CMakeFiles/openpa.dir/opa_primitives.o
< [ 16%] Building C object mdl2/openpa/CMakeFiles/openpa.dir/opa_queue.o
< [ 18%] Linking C static library libopenpa.a
< [ 18%] Built target openpa
---
> [ 11%] Building C object mdl2/openpa/CMakeFiles/openpa.dir/opa_primitives.o
> [ 13%] Building C object mdl2/openpa/CMakeFiles/openpa.dir/opa_queue.o
> [ 15%] Linking C static library libopenpa.a
> [ 15%] Built target openpa
> Scanning dependencies of target blitz
> [ 16%] Building CXX object blitz/CMakeFiles/blitz.dir/globals.cpp.o
> [ 18%] Linking CXX static library libblitz.a
> [ 18%] Built target blitz
229,231d228
< /share/splinter/ucapwhi/lfi_project/pkdgrav3/ewald.cxx:48:35: note: #pragma message: __AVX__ defined
<    48 | #pragma message ("__AVX__ defined")
<       |                                   ^
288c285,290
< [100%] Built target pkdgrav3
---
> CMakeFiles/pkdgrav3.dir/ewald.cxx.o: In function `vec<long long __vector(2), long>::vec(long const*)':
> /share/splinter/ucapwhi/lfi_project/pkdgrav3/simd.h:212: undefined reference to `vec<long long __vector(2), long>::load(long const*)'
> collect2: error: ld returned 1 exit status
> make[2]: *** [pkdgrav3] Error 1
> make[1]: *** [CMakeFiles/pkdgrav3.dir/all] Error 2
> make: *** [all] Error 2
